Thu Oct 19 19:44:51 2017 UTC - Module file name: C:\Program Files (x86)\Steam\gameoverlayrenderer64.dll
Thu Oct 19 19:44:51 2017 UTC - GameID = 214850
Thu Oct 19 19:44:51 2017 UTC - System page size: 4096
Thu Oct 19 19:44:51 2017 UTC - Failed loading shell32.dll, not hooking ShellExecute calls
Thu Oct 19 19:44:51 2017 UTC - Hooking SetCursorPos, GetCursorPos, ShowCursor, and SetCursor
Thu Oct 19 19:44:51 2017 UTC - Aborting HookFunc because pHookFunctionAddr is null
Thu Oct 19 19:44:51 2017 UTC - Failed hooking RegisterDeviceNotificationA()
Thu Oct 19 19:44:51 2017 UTC - Aborting HookFunc because pHookFunctionAddr is null
Thu Oct 19 19:44:51 2017 UTC - Failed hooking RegisterDeviceNotificationW()
Thu Oct 19 19:44:51 2017 UTC - Aborting HookFunc because pHookFunctionAddr is null
Thu Oct 19 19:44:51 2017 UTC - Failed hooking UnregisterDeviceNotification()
Thu Oct 19 19:44:51 2017 UTC - Modules at GameOverlayRenderer.dll attach
Thu Oct 19 19:44:51 2017 UTC - 01: GMAssetCompiler.exe - (0X00000000000B0000 to 0X00000000003D4000)
Thu Oct 19 19:44:51 2017 UTC - 02: ntdll.dll - (0X00007FFAEFFE0000 to 0X00007FFAF01BB000)
Thu Oct 19 19:44:51 2017 UTC - 03: MSCOREE.DLL - (0X00007FFAD5D80000 to 0X00007FFAD5DE3000)
Thu Oct 19 19:44:51 2017 UTC - 04: KERNEL32.dll - (0X00007FFAED750000 to 0X00007FFAED7FE000)
Thu Oct 19 19:44:51 2017 UTC - 05: KERNELBASE.dll - (0X00007FFAECC60000 to 0X00007FFAECEA9000)
Thu Oct 19 19:44:51 2017 UTC - 06: gameoverlayrenderer64.dll - (0X00007FFA94640000 to 0X00007FFA947C2000)
Thu Oct 19 19:44:51 2017 UTC - 07: IMM32.dll - (0X00007FFAEFD50000 to 0X00007FFAEFD7D000)
Thu Oct 19 19:44:51 2017 UTC - 08: USER32.dll - (0X00007FFAED800000 to 0X00007FFAED94A000)
Thu Oct 19 19:44:51 2017 UTC - 09: win32u.dll - (0X00007FFAED520000 to 0X00007FFAED53E000)
Thu Oct 19 19:44:51 2017 UTC - 10: GDI32.dll - (0X00007FFAEEFE0000 to 0X00007FFAEF007000)
Thu Oct 19 19:44:51 2017 UTC - 11: WINMM.dll - (0X00007FFAEA910000 to 0X00007FFAEA933000)
Thu Oct 19 19:44:51 2017 UTC - 12: gdi32full.dll - (0X00007FFAED140000 to 0X00007FFAED2C7000)
Thu Oct 19 19:44:51 2017 UTC - 13: msvcp_win.dll - (0X00007FFAED3D0000 to 0X00007FFAED46A000)
Thu Oct 19 19:44:51 2017 UTC - 14: msvcrt.dll - (0X00007FFAEF690000 to 0X00007FFAEF72D000)
Thu Oct 19 19:44:51 2017 UTC - 15: ucrtbase.dll - (0X00007FFAED2D0000 to 0X00007FFAED3C6000)
Thu Oct 19 19:44:51 2017 UTC - 16: WINMMBASE.dll - (0X00007FFAEA8B0000 to 0X00007FFAEA8DB000)
Thu Oct 19 19:44:51 2017 UTC - 17: cfgmgr32.dll - (0X00007FFAECEB0000 to 0X00007FFAECEF9000)
Thu Oct 19 19:44:51 2017 UTC - 18: ADVAPI32.dll - (0X00007FFAEEF30000 to 0X00007FFAEEFD1000)
Thu Oct 19 19:44:51 2017 UTC - 19: sechost.dll - (0X00007FFAEEEC0000 to 0X00007FFAEEF19000)
Thu Oct 19 19:44:51 2017 UTC - 20: RPCRT4.dll - (0X00007FFAEF010000 to 0X00007FFAEF135000)
Thu Oct 19 19:44:51 2017 UTC - 21: ole32.dll - (0X00007FFAEFC00000 to 0X00007FFAEFD45000)
Thu Oct 19 19:44:51 2017 UTC - 22: combase.dll - (0X00007FFAEF790000 to 0X00007FFAEFA89000)
Thu Oct 19 19:44:51 2017 UTC - 23: bcryptPrimitives.dll - (0X00007FFAECF00000 to 0X00007FFAECF6A000)
Thu Oct 19 19:44:51 2017 UTC - 24: PSAPI.DLL - (0X00007FFAEEE50000 to 0X00007FFAEEE58000)
Thu Oct 19 19:44:51 2017 UTC - ----------------------------
Thu Oct 19 19:45:01 2017 UTC - GameOverlayRenderer.dll detaching
